Importer Log Report
Project : Air724UG_Reference Design_V1.0(PADS9.5).PrjPcb

Section : Document - C:\Users\ken\Desktop\Air724UG_Reference Design_V1.0(PADS9.5).txt
    Section : Load Messages
        Error   : Error, expected keyword: 'ASSOCIATED_NET' in line: 596
        Error   : Error, expected keyword: 'DATA' in line: 596
        Error   : Layer information out of range for ruleset :(2) in line: 674
        Error   : Layer information out of range for ruleset :(2) in line: 675
        Warning : Optional alphanumeric pin map is missing for part type $OSR_SYMS.  Default pin numbers are assigned.
        Warning : Optional alphanumeric pin map is missing for part type $GND_SYMS.  Default pin numbers are assigned.
        Warning : Optional alphanumeric pin map is missing for part type $PWR_SYMS.  Default pin numbers are assigned.
        Warning : Optional alphanumeric pin map is missing for part type AIR724UG.  Default pin numbers are assigned.
        Warning : Optional alphanumeric pin map is missing for part type CAP-1UF-0402-X5R.  Default pin numbers are assigned.
        Warning : Optional alphanumeric pin map is missing for part type $OSR_SYMS.  Default pin numbers are assigned.
        Warning : Optional alphanumeric pin map is missing for part type $GND_SYMS.  Default pin numbers are assigned.
        Warning : Optional alphanumeric pin map is missing for part type $PWR_SYMS.  Default pin numbers are assigned.
        Warning : Optional alphanumeric pin map is missing for part type ESD-TVS-PESDU4581P1H.  Default pin numbers are assigned.
        Warning : Optional alphanumeric pin map is missing for part type CAP-0.1UF-0402-X7R.  Default pin numbers are assigned.
        Warning : Optional alphanumeric pin map is missing for part type CAP-33PF-0402-C0G.  Default pin numbers are assigned.
        Warning : Optional alphanumeric pin map is missing for part type CAP-10PF-0402-C0G.  Default pin numbers are assigned.
        Warning : Optional alphanumeric pin map is missing for part type CAP-22UF-0805-X5R.  Default pin numbers are assigned.
        Warning : Optional alphanumeric pin map is missing for part type CAP-TAN-100UF-CASEB.  Default pin numbers are assigned.
        Warning : Optional alphanumeric pin map is missing for part type JW5033H.  Default pin numbers are assigned.
        Warning : Optional alphanumeric pin map is missing for part type RES-100K-0402.  Default pin numbers are assigned.
        Warning : Optional alphanumeric pin map is missing for part type CAP-0.1UF-0402-X5R-10V.  Default pin numbers are assigned.
        Warning : Optional alphanumeric pin map is missing for part type RES-82K-+-1%-0402.  Default pin numbers are assigned.
        Warning : Optional alphanumeric pin map is missing for part type RES-20K-+/-1%-0402.  Default pin numbers are assigned.
        Warning : Optional alphanumeric pin map is missing for part type CAP-22UF-0603-X5R.  Default pin numbers are assigned.
        Warning : Optional alphanumeric pin map is missing for part type MRSC252A12-4R7W-N.  Default pin numbers are assigned.
        Warning : Optional alphanumeric pin map is missing for part type CAP-1000PF-0402-X7R.  Default pin numbers are assigned.
        Warning : Optional alphanumeric pin map is missing for part type CAP-4.7UF-0603-X5R.  Default pin numbers are assigned.
        Warning : Optional alphanumeric pin map is missing for part type CAP-AL-470UF-16V-8X11.5MM.  Default pin numbers are assigned.
        Warning : Optional alphanumeric pin map is missing for part type AIR5033S.  Default pin numbers are assigned.
        Warning : Optional alphanumeric pin map is missing for part type LDO-MIC29302WU(TO-263-5).  Default pin numbers are assigned.
        Warning : Optional alphanumeric pin map is missing for part type RES-120K-+-1%-0402.  Default pin numbers are assigned.
        Warning : Optional alphanumeric pin map is missing for part type RES-51K-0402.  Default pin numbers are assigned.
        Warning : Optional alphanumeric pin map is missing for part type $OSR_SYMS.  Default pin numbers are assigned.
        Warning : Optional alphanumeric pin map is missing for part type $GND_SYMS.  Default pin numbers are assigned.
        Warning : Optional alphanumeric pin map is missing for part type $PWR_SYMS.  Default pin numbers are assigned.
        Warning : Optional alphanumeric pin map is missing for part type RES-10K-0402.  Default pin numbers are assigned.
        Warning : Optional alphanumeric pin map is missing for part type CAP-1000PF-0402-X7R.  Default pin numbers are assigned.
        Warning : Optional alphanumeric pin map is missing for part type IT-1157P.  Default pin numbers are assigned.
        Warning : Optional alphanumeric pin map is missing for part type ESD-TVS-PESDU4581P1H.  Default pin numbers are assigned.
        Warning : Optional alphanumeric pin map is missing for part type TRIODE-NPN-MMBT3904.  Default pin numbers are assigned.
        Warning : Optional alphanumeric pin map is missing for part type RES-100K-0402.  Default pin numbers are assigned.
        Warning : Optional alphanumeric pin map is missing for part type $OSR_SYMS.  Default pin numbers are assigned.
        Warning : Optional alphanumeric pin map is missing for part type $GND_SYMS.  Default pin numbers are assigned.
        Warning : Optional alphanumeric pin map is missing for part type $PWR_SYMS.  Default pin numbers are assigned.
        Warning : Optional alphanumeric pin map is missing for part type CAP-10PF-0201-COG.  Default pin numbers are assigned.
        Warning : Optional alphanumeric pin map is missing for part type AUDIO-MIC-BLUEHY.  Default pin numbers are assigned.
        Warning : Optional alphanumeric pin map is missing for part type AUDIO-SPEAKER-BLUEHY.  Default pin numbers are assigned.
        Warning : Optional alphanumeric pin map is missing for part type AUDIO-SUGGEST-1.  Default pin numbers are assigned.
        Warning : Optional alphanumeric pin map is missing for part type RES-1K-+-1%-0402.  Default pin numbers are assigned.
        Warning : Optional alphanumeric pin map is missing for part type CAP-1UF-0402-X5R.  Default pin numbers are assigned.
        Warning : Optional alphanumeric pin map is missing for part type CAP-100PF-0402-C0G.  Default pin numbers are assigned.
        Warning : Optional alphanumeric pin map is missing for part type CAP-47PF-0402-C0G.  Default pin numbers are assigned.
        Warning : Optional alphanumeric pin map is missing for part type RES-1.2K-0402.  Default pin numbers are assigned.
        Warning : Optional alphanumeric pin map is missing for part type CAP-4.7UF-6.3V-0402.  Default pin numbers are assigned.
        Warning : Optional alphanumeric pin map is missing for part type BEAD-1000OHM-0402.  Default pin numbers are assigned.
        Warning : Optional alphanumeric pin map is missing for part type RES-33-0402.  Default pin numbers are assigned.
        Warning : Optional alphanumeric pin map is missing for part type CAP-10UF-6.3V-0402.  Default pin numbers are assigned.
        Warning : Optional alphanumeric pin map is missing for part type RES-10K-0402.  Default pin numbers are assigned.
        Warning : Optional alphanumeric pin map is missing for part type CAP-1000PF-0402-X7R.  Default pin numbers are assigned.
        Warning : Optional alphanumeric pin map is missing for part type ESD-TVS-ESD5Z5.0T1_A.  Default pin numbers are assigned.
        Warning : Optional alphanumeric pin map is missing for part type RES-1K-0402.  Default pin numbers are assigned.
        Warning : Optional alphanumeric pin map is missing for part type ESD-TVS-ESD9X5.0ST5G.  Default pin numbers are assigned.
        Warning : Optional alphanumeric pin map is missing for part type $OSR_SYMS.  Default pin numbers are assigned.
        Warning : Optional alphanumeric pin map is missing for part type $GND_SYMS.  Default pin numbers are assigned.
        Warning : Optional alphanumeric pin map is missing for part type $PWR_SYMS.  Default pin numbers are assigned.
        Warning : Optional alphanumeric pin map is missing for part type SIMCARD6_1.  Default pin numbers are assigned.
        Warning : Optional alphanumeric pin map is missing for part type CAP-0.1UF-0402-X5R-10V.  Default pin numbers are assigned.
        Warning : Optional alphanumeric pin map is missing for part type RES-22-0402.  Default pin numbers are assigned.
        Warning : Optional alphanumeric pin map is missing for part type CAP-33PF-0402-C0G.  Default pin numbers are assigned.
        Warning : Optional alphanumeric pin map is missing for part type ESD-TVS-ESD9X5.0ST5G.  Default pin numbers are assigned.
        Warning : Optional alphanumeric pin map is missing for part type ESD-TVS-5KP48A.  Default pin numbers are assigned.
        Warning : Optional alphanumeric pin map is missing for part type RES-10K-0402.  Default pin numbers are assigned.
        Warning : Optional alphanumeric pin map is missing for part type SIM-SW-CAF98-06206-XX00.  Default pin numbers are assigned.
        Warning : Optional alphanumeric pin map is missing for part type $OSR_SYMS.  Default pin numbers are assigned.
        Warning : Optional alphanumeric pin map is missing for part type $GND_SYMS.  Default pin numbers are assigned.
        Warning : Optional alphanumeric pin map is missing for part type $PWR_SYMS.  Default pin numbers are assigned.
        Warning : Optional alphanumeric pin map is missing for part type TFLASH-TFRHS-00815-TP00.  Default pin numbers are assigned.
        Warning : Optional alphanumeric pin map is missing for part type RES-100K-0402.  Default pin numbers are assigned.
        Warning : Optional alphanumeric pin map is missing for part type RES-0402-NF.  Default pin numbers are assigned.
        Warning : Optional alphanumeric pin map is missing for part type CAP-1UF-0402-X5R.  Default pin numbers are assigned.
        Warning : Optional alphanumeric pin map is missing for part type CAP-0402-NF.  Default pin numbers are assigned.
        Warning : Optional alphanumeric pin map is missing for part type $OSR_SYMS.  Default pin numbers are assigned.
        Warning : Optional alphanumeric pin map is missing for part type $GND_SYMS.  Default pin numbers are assigned.
        Warning : Optional alphanumeric pin map is missing for part type $PWR_SYMS.  Default pin numbers are assigned.
        Warning : Optional alphanumeric pin map is missing for part type FPC_0.5MM_24P_PULL_TYPE_H2.0MM_UNDER_THE.  Default pin numbers are assigned.
        Warning : Optional alphanumeric pin map is missing for part type CAP-1UF-0402-X5R.  Default pin numbers are assigned.
        Warning : Optional alphanumeric pin map is missing for part type CAP-4.7UF-0603-X5R.  Default pin numbers are assigned.
        Warning : Optional alphanumeric pin map is missing for part type RES-22-0402.  Default pin numbers are assigned.
        Warning : Optional alphanumeric pin map is missing for part type TRIODE-NPN-MMBT3904.  Default pin numbers are assigned.
        Warning : Optional alphanumeric pin map is missing for part type RES-100-0603.  Default pin numbers are assigned.
        Warning : Optional alphanumeric pin map is missing for part type RES-4.7K-0402.  Default pin numbers are assigned.
        Warning : Optional alphanumeric pin map is missing for part type DIODE-LED-RED-2.54.  Default pin numbers are assigned.
        Warning : Optional alphanumeric pin map is missing for part type RES-100K-0402.  Default pin numbers are assigned.
        Warning : Optional alphanumeric pin map is missing for part type RES-10K-0402.  Default pin numbers are assigned.
        Warning : Optional alphanumeric pin map is missing for part type CAP-22PF-0402-C0G.  Default pin numbers are assigned.
        Warning : Optional alphanumeric pin map is missing for part type RES-0-0402.  Default pin numbers are assigned.
        Warning : Optional alphanumeric pin map is missing for part type $OSR_SYMS.  Default pin numbers are assigned.
        Warning : Optional alphanumeric pin map is missing for part type $GND_SYMS.  Default pin numbers are assigned.
        Warning : Optional alphanumeric pin map is missing for part type $PWR_SYMS.  Default pin numbers are assigned.
        Warning : Optional alphanumeric pin map is missing for part type CAP-1UF-0402-X5R.  Default pin numbers are assigned.
        Warning : Optional alphanumeric pin map is missing for part type RES-0402-NF.  Default pin numbers are assigned.
        Warning : Optional alphanumeric pin map is missing for part type FPC-24PIN-0.5MM-Y.  Default pin numbers are assigned.
        Warning : Optional alphanumeric pin map is missing for part type RES-22-0402.  Default pin numbers are assigned.
        Warning : Optional alphanumeric pin map is missing for part type CAP-33PF-0402-C0G.  Default pin numbers are assigned.
        Warning : Optional alphanumeric pin map is missing for part type $OSR_SYMS.  Default pin numbers are assigned.
        Warning : Optional alphanumeric pin map is missing for part type $GND_SYMS.  Default pin numbers are assigned.
        Warning : Optional alphanumeric pin map is missing for part type $PWR_SYMS.  Default pin numbers are assigned.
        Warning : Optional alphanumeric pin map is missing for part type KEYPAD-D5X5.  Default pin numbers are assigned.
        Warning : Optional alphanumeric pin map is missing for part type RES-1K-+-1%-0402.  Default pin numbers are assigned.
        Warning : Optional alphanumeric pin map is missing for part type ESD-TVS-ESD9X5.0ST5G.  Default pin numbers are assigned.
        Warning : Optional alphanumeric pin map is missing for part type $OSR_SYMS.  Default pin numbers are assigned.
        Warning : Optional alphanumeric pin map is missing for part type $GND_SYMS.  Default pin numbers are assigned.
        Warning : Optional alphanumeric pin map is missing for part type $PWR_SYMS.  Default pin numbers are assigned.
        Warning : Optional alphanumeric pin map is missing for part type DIP3X1.  Default pin numbers are assigned.
        Warning : Optional alphanumeric pin map is missing for part type DIP5X1.  Default pin numbers are assigned.
        Warning : Optional alphanumeric pin map is missing for part type DIP4X1.  Default pin numbers are assigned.
        Warning : Optional alphanumeric pin map is missing for part type RES-4.7K-0402.  Default pin numbers are assigned.
        Warning : Optional alphanumeric pin map is missing for part type DIODE-SCHOTTKY-RB521S-30.  Default pin numbers are assigned.
        Warning : Optional alphanumeric pin map is missing for part type TRIODE-NPN-2SC3356.  Default pin numbers are assigned.
        Warning : Optional alphanumeric pin map is missing for part type TXS0108EPW.  Default pin numbers are assigned.
        Warning : Optional alphanumeric pin map is missing for part type CAP-1UF-0402-X5R.  Default pin numbers are assigned.
        Warning : Optional alphanumeric pin map is missing for part type $OSR_SYMS.  Default pin numbers are assigned.
        Warning : Optional alphanumeric pin map is missing for part type $GND_SYMS.  Default pin numbers are assigned.
        Warning : Optional alphanumeric pin map is missing for part type $PWR_SYMS.  Default pin numbers are assigned.
        Warning : Optional alphanumeric pin map is missing for part type RES-0-0402.  Default pin numbers are assigned.
        Warning : Optional alphanumeric pin map is missing for part type CAP-0402-NF.  Default pin numbers are assigned.
        Warning : Optional alphanumeric pin map is missing for part type RF-ANT-P-JS-29-13.  Default pin numbers are assigned.
        Warning : Optional alphanumeric pin map is missing for part type $OSR_SYMS.  Default pin numbers are assigned.
        Warning : Optional alphanumeric pin map is missing for part type $GND_SYMS.  Default pin numbers are assigned.
        Warning : Optional alphanumeric pin map is missing for part type $PWR_SYMS.  Default pin numbers are assigned.
        Warning : Optional alphanumeric pin map is missing for part type $OSR_SYMS.  Default pin numbers are assigned.
        Warning : Optional alphanumeric pin map is missing for part type $GND_SYMS.  Default pin numbers are assigned.
        Warning : Optional alphanumeric pin map is missing for part type $PWR_SYMS.  Default pin numbers are assigned.
        Warning : Optional alphanumeric pin map is missing for part type TESTPOINT.  Default pin numbers are assigned.
        Warning : Optional alphanumeric pin map is missing for part type USB-MICRO-10305060GSAR001.  Default pin numbers are assigned.
        Warning : Optional alphanumeric pin map is missing for part type CAP-1000PF-0402-X7R.  Default pin numbers are assigned.
        Warning : Optional alphanumeric pin map is missing for part type ESD-TVS-ESD9L5.0T5G.  Default pin numbers are assigned.
        Warning : Optional alphanumeric pin map is missing for part type ESD-TVS-ESD9X7.0ST5G.  Default pin numbers are assigned.
        Warning : Optional alphanumeric pin map is missing for part type $OSR_SYMS.  Default pin numbers are assigned.
        Warning : Optional alphanumeric pin map is missing for part type $GND_SYMS.  Default pin numbers are assigned.
        Warning : Optional alphanumeric pin map is missing for part type $PWR_SYMS.  Default pin numbers are assigned.
        Warning : Optional alphanumeric pin map is missing for part type CAP-10PF-0201-COG.  Default pin numbers are assigned.
        Warning : Optional alphanumeric pin map is missing for part type ESD-TVS-5KP48A.  Default pin numbers are assigned.
        Warning : Optional alphanumeric pin map is missing for part type AUDIO-SPEAKER-BLUEHY.  Default pin numbers are assigned.
        Warning : Optional alphanumeric pin map is missing for part type AW8733ATQR.  Default pin numbers are assigned.
        Warning : Optional alphanumeric pin map is missing for part type CAP-0.1UF-0402-X5R-10V.  Default pin numbers are assigned.
        Warning : Optional alphanumeric pin map is missing for part type CAP-4.7UF-0603-Y5V-10V.  Default pin numbers are assigned.
        Warning : Optional alphanumeric pin map is missing for part type CAP-22NF-0402-X7R.  Default pin numbers are assigned.
        Warning : Optional alphanumeric pin map is missing for part type RES-10K-+-1%-0402.  Default pin numbers are assigned.
        Warning : Optional alphanumeric pin map is missing for part type RES-1K-0402.  Default pin numbers are assigned.
        Warning : Optional alphanumeric pin map is missing for part type RES-100K-0402.  Default pin numbers are assigned.
        Warning : Optional alphanumeric pin map is missing for part type CAP-1UF-0402-X5R.  Default pin numbers are assigned.
        Warning : Optional alphanumeric pin map is missing for part type RES-0-0402.  Default pin numbers are assigned.
        Warning : Optional alphanumeric pin map is missing for part type ESD-TVS-ESD9X5.0ST5G.  Default pin numbers are assigned.
    EndSection

    Section : Import Messages
    EndSection
EndSection
